nfc-reader/app/build/outputs/logs/manifest-merger-debug-report.txt
-- Merging decision tree log ---
manifest
ADDED from src\main\AndroidManifest.xml:17:1-48:12
	xmlns:android
		ADDED from src\main\AndroidManifest.xml:17:11-69
	package
		ADDED from src\main\AndroidManifest.xml:18:3-32
		INJECTED from src\main\AndroidManifest.xml
		INJECTED from src\main\AndroidManifest.xml
	android:versionName
		ADDED from src\main\AndroidManifest.xml:20:3-29
		INJECTED from src\main\AndroidManifest.xml
		INJECTED from src\main\AndroidManifest.xml
	android:versionCode
		ADDED from src\main\AndroidManifest.xml:19:3-27
		INJECTED from src\main\AndroidManifest.xml
		INJECTED from src\main\AndroidManifest.xml
	android:installLocation
		ADDED from src\main\AndroidManifest.xml:21:3-33
uses-sdk
ADDED from src\main\AndroidManifest.xml:23:5-74
	android:targetSdkVersion
		ADDED from src\main\AndroidManifest.xml:23:42-71
		INJECTED from src\main\AndroidManifest.xml
		INJECTED from src\main\AndroidManifest.xml
	android:minSdkVersion
		ADDED from src\main\AndroidManifest.xml:23:15-41
		INJECTED from src\main\AndroidManifest.xml
		INJECTED from src\main\AndroidManifest.xml
uses-permission#android.permission.NFC
ADDED from src\main\AndroidManifest.xml:25:5-62
	android:name
		ADDED from src\main\AndroidManifest.xml:25:22-59
uses-feature#android.hardware.nfc
ADDED from src\main\AndroidManifest.xml:26:5-57
	android:name
		ADDED from src\main\AndroidManifest.xml:26:19-54
application
ADDED from src\main\AndroidManifest.xml:28:5-46:19
	android:label
		ADDED from src\main\AndroidManifest.xml:30:7-39
	android:icon
		ADDED from src\main\AndroidManifest.xml:29:7-36
activity#se.anyro.nfc_reader.TagViewer
ADDED from src\main\AndroidManifest.xml:31:9-45:20
	android:screenOrientation
		ADDED from src\main\AndroidManifest.xml:34:11-47
	android:label
		ADDED from src\main\AndroidManifest.xml:33:11-43
	android:name
		ADDED from src\main\AndroidManifest.xml:32:11-35
	android:alwaysRetainTaskState
		ADDED from src\main\AndroidManifest.xml:35:11-47
	android:launchMode
		ADDED from src\main\AndroidManifest.xml:36:11-46
intent-filter#android.intent.action.MAIN+android.intent.category.LAUNCHER
ADDED from src\main\AndroidManifest.xml:37:13-40:29
action#android.intent.action.MAIN
ADDED from src\main\AndroidManifest.xml:38:17-69
	android:name
		ADDED from src\main\AndroidManifest.xml:38:25-66
category#android.intent.category.LAUNCHER
ADDED from src\main\AndroidManifest.xml:39:17-77
	android:name
		ADDED from src\main\AndroidManifest.xml:39:27-74
intent-filter#android.intent.category.DEFAULT+android.nfc.action.TAG_DISCOVERED
ADDED from src\main\AndroidManifest.xml:41:13-44:29
action#android.nfc.action.TAG_DISCOVERED
ADDED from src\main\AndroidManifest.xml:42:17-75
	android:name
		ADDED from src\main\AndroidManifest.xml:42:25-73
category#android.intent.category.DEFAULT
ADDED from src\main\AndroidManifest.xml:43:17-75
	android:name
		ADDED from src\main\AndroidManifest.xml:43:27-73